2021-04-04 09:59:51.604  INFO 18804 --- [restartedMain] .g.r.RuralConveniencePlatformApplication : Starting RuralConveniencePlatformApplication using Java 1.8.0_144 on ittt with PID 18804 (E:\Users\dell\workspace2020\青软实训\rural_convenience_platform\target\classes started by xinyi in E:\Users\dell\workspace2020\青软实训\rural_convenience_platform)
2021-04-04 09:59:51.615  INFO 18804 --- [restartedMain] .g.r.RuralConveniencePlatformApplication : No active profile set, falling back to default profiles: default
2021-04-04 09:59:51.924  INFO 18804 --- [restartedMain] .e.DevToolsPropertyDefaultsPostProcessor : Devtools property defaults active! Set 'spring.devtools.add-properties' to 'false' to disable
2021-04-04 09:59:51.925  INFO 18804 --- [restartedMain] .e.DevToolsPropertyDefaultsPostProcessor : For additional web related logging consider setting the 'logging.level.web' property to 'DEBUG'
2021-04-04 09:59:54.195  WARN 18804 --- [restartedMain] t.m.s.mapper.ClassPathMapperScanner      : No MyBatis mapper was found in '[com.gy.rural_convenience_platform]' package. Please check your configuration.
2021-04-04 09:59:54.222  WARN 18804 --- [restartedMain] o.m.s.mapper.ClassPathMapperScanner      : No MyBatis mapper was found in '[com.gy.rural_convenience_platform]' package. Please check your configuration.
2021-04-04 09:59:54.434  INFO 18804 --- [restartedMain] .s.d.r.c.RepositoryConfigurationDelegate : Multiple Spring Data modules found, entering strict repository configuration mode!
2021-04-04 09:59:54.438  INFO 18804 --- [restartedMain] .s.d.r.c.RepositoryConfigurationDelegate : Bootstrapping Spring Data Redis repositories in DEFAULT mode.
2021-04-04 09:59:54.547  INFO 18804 --- [restartedMain] .s.d.r.c.RepositoryConfigurationDelegate : Finished Spring Data repository scanning in 44 ms. Found 0 Redis repository interfaces.
2021-04-04 09:59:55.838  INFO 18804 --- [restartedMain] o.s.b.w.embedded.tomcat.TomcatWebServer  : Tomcat initialized with port(s): 80 (http)
2021-04-04 09:59:55.850  INFO 18804 --- [restartedMain] o.apache.catalina.core.StandardService   : Starting service [Tomcat]
2021-04-04 09:59:55.851  INFO 18804 --- [restartedMain] org.apache.catalina.core.StandardEngine  : Starting Servlet engine: [Apache Tomcat/9.0.39]
2021-04-04 09:59:56.031  INFO 18804 --- [restartedMain] o.a.c.c.C.[Tomcat].[localhost].[/]       : Initializing Spring embedded WebApplicationContext
2021-04-04 09:59:56.031  INFO 18804 --- [restartedMain] w.s.c.ServletWebServerApplicationContext : Root WebApplicationContext: initialization completed in 4105 ms
2021-04-04 09:59:56.218  INFO 18804 --- [restartedMain] c.a.d.s.b.a.DruidDataSourceAutoConfigure : Init DruidDataSource
2021-04-04 09:59:56.755  INFO 18804 --- [restartedMain] com.alibaba.druid.pool.DruidDataSource   : {dataSource-1} inited
2021-04-04 09:59:58.533  INFO 18804 --- [restartedMain] o.s.s.concurrent.ThreadPoolTaskExecutor  : Initializing ExecutorService 'applicationTaskExecutor'
2021-04-04 09:59:58.920  INFO 18804 --- [restartedMain] o.s.b.d.a.OptionalLiveReloadServer       : LiveReload server is running on port 35729
2021-04-04 09:59:58.988  INFO 18804 --- [restartedMain] o.s.b.w.embedded.tomcat.TomcatWebServer  : Tomcat started on port(s): 80 (http) with context path ''
2021-04-04 09:59:59.000  INFO 18804 --- [restartedMain] .g.r.RuralConveniencePlatformApplication : Started RuralConveniencePlatformApplication in 8.494 seconds (JVM running for 11.758)
2021-04-04 10:00:35.959  INFO 18804 --- [http-nio-80-exec-2] o.a.c.c.C.[Tomcat].[localhost].[/]       : Initializing Spring DispatcherServlet 'dispatcherServlet'
2021-04-04 10:00:35.959  INFO 18804 --- [http-nio-80-exec-2] o.s.web.servlet.DispatcherServlet        : Initializing Servlet 'dispatcherServlet'
2021-04-04 10:00:35.961  INFO 18804 --- [http-nio-80-exec-2] o.s.web.servlet.DispatcherServlet        : Completed initialization in 1 ms
2021-04-04 11:57:33.385  INFO 18804 --- [Thread-23] o.s.s.concurrent.ThreadPoolTaskExecutor  : Shutting down ExecutorService 'applicationTaskExecutor'
2021-04-04 11:57:33.468  INFO 18804 --- [Thread-23] com.alibaba.druid.pool.DruidDataSource   : {dataSource-1} closed
2021-04-04 11:57:33.943  INFO 18804 --- [restartedMain] .g.r.RuralConveniencePlatformApplication : Starting RuralConveniencePlatformApplication using Java 1.8.0_144 on ittt with PID 18804 (E:\Users\dell\workspace2020\青软实训\rural_convenience_platform\target\classes started by xinyi in E:\Users\dell\workspace2020\青软实训\rural_convenience_platform)
2021-04-04 11:57:33.943  INFO 18804 --- [restartedMain] .g.r.RuralConveniencePlatformApplication : No active profile set, falling back to default profiles: default
2021-04-04 11:57:35.498  WARN 18804 --- [restartedMain] t.m.s.mapper.ClassPathMapperScanner      : No MyBatis mapper was found in '[com.gy.rural_convenience_platform]' package. Please check your configuration.
2021-04-04 11:57:35.508  WARN 18804 --- [restartedMain] o.m.s.mapper.ClassPathMapperScanner      : No MyBatis mapper was found in '[com.gy.rural_convenience_platform]' package. Please check your configuration.
2021-04-04 11:57:35.527  INFO 18804 --- [restartedMain] .s.d.r.c.RepositoryConfigurationDelegate : Multiple Spring Data modules found, entering strict repository configuration mode!
2021-04-04 11:57:35.529  INFO 18804 --- [restartedMain] .s.d.r.c.RepositoryConfigurationDelegate : Bootstrapping Spring Data Redis repositories in DEFAULT mode.
2021-04-04 11:57:35.553  INFO 18804 --- [restartedMain] .s.d.r.c.RepositoryConfigurationDelegate : Finished Spring Data repository scanning in 22 ms. Found 0 Redis repository interfaces.
2021-04-04 11:57:35.868  INFO 18804 --- [restartedMain] o.s.b.w.embedded.tomcat.TomcatWebServer  : Tomcat initialized with port(s): 80 (http)
2021-04-04 11:57:35.871  INFO 18804 --- [restartedMain] o.apache.catalina.core.StandardService   : Starting service [Tomcat]
2021-04-04 11:57:35.872  INFO 18804 --- [restartedMain] org.apache.catalina.core.StandardEngine  : Starting Servlet engine: [Apache Tomcat/9.0.39]
2021-04-04 11:57:35.948  INFO 18804 --- [restartedMain] o.a.c.c.C.[Tomcat].[localhost].[/]       : Initializing Spring embedded WebApplicationContext
2021-04-04 11:57:35.948  INFO 18804 --- [restartedMain] w.s.c.ServletWebServerApplicationContext : Root WebApplicationContext: initialization completed in 1995 ms
2021-04-04 11:57:35.998  INFO 18804 --- [restartedMain] c.a.d.s.b.a.DruidDataSourceAutoConfigure : Init DruidDataSource
2021-04-04 11:57:36.243  INFO 18804 --- [restartedMain] com.alibaba.druid.pool.DruidDataSource   : {dataSource-2} inited
2021-04-04 11:57:38.778  INFO 18804 --- [restartedMain] o.s.s.concurrent.ThreadPoolTaskExecutor  : Initializing ExecutorService 'applicationTaskExecutor'
2021-04-04 11:57:38.972  INFO 18804 --- [restartedMain] o.s.b.d.a.OptionalLiveReloadServer       : LiveReload server is running on port 35729
2021-04-04 11:57:39.007  INFO 18804 --- [restartedMain] o.s.b.w.embedded.tomcat.TomcatWebServer  : Tomcat started on port(s): 80 (http) with context path ''
2021-04-04 11:57:39.013  INFO 18804 --- [restartedMain] .g.r.RuralConveniencePlatformApplication : Started RuralConveniencePlatformApplication in 5.152 seconds (JVM running for 7071.772)
2021-04-04 11:57:39.018  INFO 18804 --- [restartedMain] .ConditionEvaluationDeltaLoggingListener : Condition evaluation unchanged
2021-04-04 11:57:41.159  INFO 18804 --- [Thread-30] o.s.s.concurrent.ThreadPoolTaskExecutor  : Shutting down ExecutorService 'applicationTaskExecutor'
2021-04-04 11:57:41.162  INFO 18804 --- [Thread-30] com.alibaba.druid.pool.DruidDataSource   : {dataSource-2} closed
2021-04-04 11:57:41.435  INFO 18804 --- [restartedMain] .g.r.RuralConveniencePlatformApplication : Starting RuralConveniencePlatformApplication using Java 1.8.0_144 on ittt with PID 18804 (E:\Users\dell\workspace2020\青软实训\rural_convenience_platform\target\classes started by xinyi in E:\Users\dell\workspace2020\青软实训\rural_convenience_platform)
2021-04-04 11:57:41.436  INFO 18804 --- [restartedMain] .g.r.RuralConveniencePlatformApplication : No active profile set, falling back to default profiles: default
2021-04-04 11:57:41.713  WARN 18804 --- [restartedMain] t.m.s.mapper.ClassPathMapperScanner      : No MyBatis mapper was found in '[com.gy.rural_convenience_platform]' package. Please check your configuration.
2021-04-04 11:57:41.725  WARN 18804 --- [restartedMain] o.m.s.mapper.ClassPathMapperScanner      : No MyBatis mapper was found in '[com.gy.rural_convenience_platform]' package. Please check your configuration.
2021-04-04 11:57:41.736  INFO 18804 --- [restartedMain] .s.d.r.c.RepositoryConfigurationDelegate : Multiple Spring Data modules found, entering strict repository configuration mode!
2021-04-04 11:57:41.737  INFO 18804 --- [restartedMain] .s.d.r.c.RepositoryConfigurationDelegate : Bootstrapping Spring Data Redis repositories in DEFAULT mode.
2021-04-04 11:57:41.750  INFO 18804 --- [restartedMain] .s.d.r.c.RepositoryConfigurationDelegate : Finished Spring Data repository scanning in 12 ms. Found 0 Redis repository interfaces.
2021-04-04 11:57:41.909  INFO 18804 --- [restartedMain] o.s.b.w.embedded.tomcat.TomcatWebServer  : Tomcat initialized with port(s): 80 (http)
2021-04-04 11:57:41.909  INFO 18804 --- [restartedMain] o.apache.catalina.core.StandardService   : Starting service [Tomcat]
2021-04-04 11:57:41.909  INFO 18804 --- [restartedMain] org.apache.catalina.core.StandardEngine  : Starting Servlet engine: [Apache Tomcat/9.0.39]
2021-04-04 11:57:41.937  INFO 18804 --- [restartedMain] o.a.c.c.C.[Tomcat].[localhost].[/]       : Initializing Spring embedded WebApplicationContext
2021-04-04 11:57:41.937  INFO 18804 --- [restartedMain] w.s.c.ServletWebServerApplicationContext : Root WebApplicationContext: initialization completed in 495 ms
2021-04-04 11:57:41.969  INFO 18804 --- [restartedMain] c.a.d.s.b.a.DruidDataSourceAutoConfigure : Init DruidDataSource
2021-04-04 11:57:42.031  INFO 18804 --- [restartedMain] com.alibaba.druid.pool.DruidDataSource   : {dataSource-3} inited
2021-04-04 11:57:42.613  INFO 18804 --- [restartedMain] o.s.s.concurrent.ThreadPoolTaskExecutor  : Initializing ExecutorService 'applicationTaskExecutor'
2021-04-04 11:57:42.678  INFO 18804 --- [restartedMain] o.s.b.d.a.OptionalLiveReloadServer       : LiveReload server is running on port 35729
2021-04-04 11:57:42.704  INFO 18804 --- [restartedMain] o.s.b.w.embedded.tomcat.TomcatWebServer  : Tomcat started on port(s): 80 (http) with context path ''
2021-04-04 11:57:42.708  INFO 18804 --- [restartedMain] .g.r.RuralConveniencePlatformApplication : Started RuralConveniencePlatformApplication in 1.311 seconds (JVM running for 7075.466)
2021-04-04 11:57:42.709  INFO 18804 --- [restartedMain] .ConditionEvaluationDeltaLoggingListener : Condition evaluation unchanged
2021-04-04 11:58:25.597  INFO 18804 --- [Thread-35] o.s.s.concurrent.ThreadPoolTaskExecutor  : Shutting down ExecutorService 'applicationTaskExecutor'
2021-04-04 11:58:25.600  INFO 18804 --- [Thread-35] com.alibaba.druid.pool.DruidDataSource   : {dataSource-3} closed
2021-04-04 11:58:25.942  INFO 18804 --- [restartedMain] .g.r.RuralConveniencePlatformApplication : Starting RuralConveniencePlatformApplication using Java 1.8.0_144 on ittt with PID 18804 (E:\Users\dell\workspace2020\青软实训\rural_convenience_platform\target\classes started by xinyi in E:\Users\dell\workspace2020\青软实训\rural_convenience_platform)
2021-04-04 11:58:25.944  INFO 18804 --- [restartedMain] .g.r.RuralConveniencePlatformApplication : No active profile set, falling back to default profiles: default
2021-04-04 11:58:26.510  WARN 18804 --- [restartedMain] t.m.s.mapper.ClassPathMapperScanner      : No MyBatis mapper was found in '[com.gy.rural_convenience_platform]' package. Please check your configuration.
2021-04-04 11:58:26.530  WARN 18804 --- [restartedMain] o.m.s.mapper.ClassPathMapperScanner      : No MyBatis mapper was found in '[com.gy.rural_convenience_platform]' package. Please check your configuration.
2021-04-04 11:58:26.548  INFO 18804 --- [restartedMain] .s.d.r.c.RepositoryConfigurationDelegate : Multiple Spring Data modules found, entering strict repository configuration mode!
2021-04-04 11:58:26.549  INFO 18804 --- [restartedMain] .s.d.r.c.RepositoryConfigurationDelegate : Bootstrapping Spring Data Redis repositories in DEFAULT mode.
2021-04-04 11:58:26.569  INFO 18804 --- [restartedMain] .s.d.r.c.RepositoryConfigurationDelegate : Finished Spring Data repository scanning in 21 ms. Found 0 Redis repository interfaces.
2021-04-04 11:58:26.818  INFO 18804 --- [restartedMain] o.s.b.w.embedded.tomcat.TomcatWebServer  : Tomcat initialized with port(s): 80 (http)
2021-04-04 11:58:26.819  INFO 18804 --- [restartedMain] o.apache.catalina.core.StandardService   : Starting service [Tomcat]
2021-04-04 11:58:26.819  INFO 18804 --- [restartedMain] org.apache.catalina.core.StandardEngine  : Starting Servlet engine: [Apache Tomcat/9.0.39]
2021-04-04 11:58:26.850  INFO 18804 --- [restartedMain] o.a.c.c.C.[Tomcat].[localhost].[/]       : Initializing Spring embedded WebApplicationContext
2021-04-04 11:58:26.850  INFO 18804 --- [restartedMain] w.s.c.ServletWebServerApplicationContext : Root WebApplicationContext: initialization completed in 867 ms
2021-04-04 11:58:26.889  INFO 18804 --- [restartedMain] c.a.d.s.b.a.DruidDataSourceAutoConfigure : Init DruidDataSource
2021-04-04 11:58:26.959  INFO 18804 --- [restartedMain] com.alibaba.druid.pool.DruidDataSource   : {dataSource-4} inited
2021-04-04 11:58:27.535  WARN 18804 --- [restartedMain] ConfigServletWebServerApplicationContext : Exception encountered during context initialization - cancelling refresh attempt: org.springframework.beans.factory.UnsatisfiedDependencyException: Error creating bean with name 'userServerController': Unsatisfied dependency expressed through field 'userServerService'; nested exception is org.springframework.beans.factory.NoSuchBeanDefinitionException: No qualifying bean of type 'com.gy.rural_convenience_platform.service.UserServerService' available: expected at least 1 bean which qualifies as autowire candidate. Dependency annotations: {@org.springframework.beans.factory.annotation.Autowired(required=true)}
2021-04-04 11:58:27.537  INFO 18804 --- [restartedMain] com.alibaba.druid.pool.DruidDataSource   : {dataSource-4} closed
2021-04-04 11:58:27.538  INFO 18804 --- [restartedMain] o.apache.catalina.core.StandardService   : Stopping service [Tomcat]
2021-04-04 11:58:27.592  INFO 18804 --- [restartedMain] ConditionEvaluationReportLoggingListener : 

Error starting ApplicationContext. To display the conditions report re-run your application with 'debug' enabled.
2021-04-04 11:58:27.688 ERROR 18804 --- [restartedMain] o.s.b.d.LoggingFailureAnalysisReporter   : 

***************************
APPLICATION FAILED TO START
***************************

Description:

Field userServerService in com.gy.rural_convenience_platform.controller.UserServerController required a bean of type 'com.gy.rural_convenience_platform.service.UserServerService' that could not be found.

The injection point has the following annotations:
	- @org.springframework.beans.factory.annotation.Autowired(required=true)


Action:

Consider defining a bean of type 'com.gy.rural_convenience_platform.service.UserServerService' in your configuration.

2021-04-04 11:58:29.699  INFO 18804 --- [restartedMain] .g.r.RuralConveniencePlatformApplication : Starting RuralConveniencePlatformApplication using Java 1.8.0_144 on ittt with PID 18804 (E:\Users\dell\workspace2020\青软实训\rural_convenience_platform\target\classes started by xinyi in E:\Users\dell\workspace2020\青软实训\rural_convenience_platform)
2021-04-04 11:58:29.699  INFO 18804 --- [restartedMain] .g.r.RuralConveniencePlatformApplication : No active profile set, falling back to default profiles: default
2021-04-04 11:58:30.046  WARN 18804 --- [restartedMain] t.m.s.mapper.ClassPathMapperScanner      : No MyBatis mapper was found in '[com.gy.rural_convenience_platform]' package. Please check your configuration.
2021-04-04 11:58:30.054  WARN 18804 --- [restartedMain] o.m.s.mapper.ClassPathMapperScanner      : No MyBatis mapper was found in '[com.gy.rural_convenience_platform]' package. Please check your configuration.
2021-04-04 11:58:30.082  INFO 18804 --- [restartedMain] .s.d.r.c.RepositoryConfigurationDelegate : Multiple Spring Data modules found, entering strict repository configuration mode!
2021-04-04 11:58:30.084  INFO 18804 --- [restartedMain] .s.d.r.c.RepositoryConfigurationDelegate : Bootstrapping Spring Data Redis repositories in DEFAULT mode.
2021-04-04 11:58:30.109  INFO 18804 --- [restartedMain] .s.d.r.c.RepositoryConfigurationDelegate : Finished Spring Data repository scanning in 23 ms. Found 0 Redis repository interfaces.
2021-04-04 11:58:31.202  INFO 18804 --- [restartedMain] o.s.b.w.embedded.tomcat.TomcatWebServer  : Tomcat initialized with port(s): 80 (http)
2021-04-04 11:58:31.203  INFO 18804 --- [restartedMain] o.apache.catalina.core.StandardService   : Starting service [Tomcat]
2021-04-04 11:58:31.203  INFO 18804 --- [restartedMain] org.apache.catalina.core.StandardEngine  : Starting Servlet engine: [Apache Tomcat/9.0.39]
2021-04-04 11:58:31.270  INFO 18804 --- [restartedMain] o.a.c.c.C.[Tomcat-1].[localhost].[/]     : Initializing Spring embedded WebApplicationContext
2021-04-04 11:58:31.271  INFO 18804 --- [restartedMain] w.s.c.ServletWebServerApplicationContext : Root WebApplicationContext: initialization completed in 1563 ms
2021-04-04 11:58:31.379  INFO 18804 --- [restartedMain] c.a.d.s.b.a.DruidDataSourceAutoConfigure : Init DruidDataSource
2021-04-04 11:58:31.516  INFO 18804 --- [restartedMain] com.alibaba.druid.pool.DruidDataSource   : {dataSource-5} inited
2021-04-04 11:58:32.288  INFO 18804 --- [restartedMain] o.s.s.concurrent.ThreadPoolTaskExecutor  : Initializing ExecutorService 'applicationTaskExecutor'
2021-04-04 11:58:32.354  INFO 18804 --- [restartedMain] o.s.b.d.a.OptionalLiveReloadServer       : LiveReload server is running on port 35729
2021-04-04 11:58:32.378  INFO 18804 --- [restartedMain] o.s.b.w.embedded.tomcat.TomcatWebServer  : Tomcat started on port(s): 80 (http) with context path ''
2021-04-04 11:58:32.383  INFO 18804 --- [restartedMain] .g.r.RuralConveniencePlatformApplication : Started RuralConveniencePlatformApplication in 2.729 seconds (JVM running for 7125.142)
2021-04-04 11:58:32.385  INFO 18804 --- [restartedMain] .ConditionEvaluationDeltaLoggingListener : Condition evaluation unchanged
2021-04-04 12:08:52.036  INFO 18804 --- [Thread-40] o.s.s.concurrent.ThreadPoolTaskExecutor  : Shutting down ExecutorService 'applicationTaskExecutor'
2021-04-04 12:08:52.039  INFO 18804 --- [Thread-40] com.alibaba.druid.pool.DruidDataSource   : {dataSource-5} closed
2021-04-04 12:08:52.459  INFO 18804 --- [restartedMain] .g.r.RuralConveniencePlatformApplication : Starting RuralConveniencePlatformApplication using Java 1.8.0_144 on ittt with PID 18804 (E:\Users\dell\workspace2020\青软实训\rural_convenience_platform\target\classes started by xinyi in E:\Users\dell\workspace2020\青软实训\rural_convenience_platform)
2021-04-04 12:08:52.459  INFO 18804 --- [restartedMain] .g.r.RuralConveniencePlatformApplication : No active profile set, falling back to default profiles: default
2021-04-04 12:08:52.930  WARN 18804 --- [restartedMain] t.m.s.mapper.ClassPathMapperScanner      : No MyBatis mapper was found in '[com.gy.rural_convenience_platform]' package. Please check your configuration.
2021-04-04 12:08:52.942  WARN 18804 --- [restartedMain] o.m.s.mapper.ClassPathMapperScanner      : No MyBatis mapper was found in '[com.gy.rural_convenience_platform]' package. Please check your configuration.
2021-04-04 12:08:52.951  INFO 18804 --- [restartedMain] .s.d.r.c.RepositoryConfigurationDelegate : Multiple Spring Data modules found, entering strict repository configuration mode!
2021-04-04 12:08:52.951  INFO 18804 --- [restartedMain] .s.d.r.c.RepositoryConfigurationDelegate : Bootstrapping Spring Data Redis repositories in DEFAULT mode.
2021-04-04 12:08:52.968  INFO 18804 --- [restartedMain] .s.d.r.c.RepositoryConfigurationDelegate : Finished Spring Data repository scanning in 16 ms. Found 0 Redis repository interfaces.
2021-04-04 12:08:53.477  INFO 18804 --- [restartedMain] o.s.b.w.embedded.tomcat.TomcatWebServer  : Tomcat initialized with port(s): 80 (http)
2021-04-04 12:08:53.479  INFO 18804 --- [restartedMain] o.apache.catalina.core.StandardService   : Starting service [Tomcat]
2021-04-04 12:08:53.480  INFO 18804 --- [restartedMain] org.apache.catalina.core.StandardEngine  : Starting Servlet engine: [Apache Tomcat/9.0.39]
2021-04-04 12:08:53.519  INFO 18804 --- [restartedMain] o.a.c.c.C.[Tomcat-1].[localhost].[/]     : Initializing Spring embedded WebApplicationContext
2021-04-04 12:08:53.519  INFO 18804 --- [restartedMain] w.s.c.ServletWebServerApplicationContext : Root WebApplicationContext: initialization completed in 1053 ms
2021-04-04 12:08:53.577  INFO 18804 --- [restartedMain] c.a.d.s.b.a.DruidDataSourceAutoConfigure : Init DruidDataSource
2021-04-04 12:08:53.717  INFO 18804 --- [restartedMain] com.alibaba.druid.pool.DruidDataSource   : {dataSource-6} inited
2021-04-04 12:08:55.232  INFO 18804 --- [restartedMain] o.s.s.concurrent.ThreadPoolTaskExecutor  : Initializing ExecutorService 'applicationTaskExecutor'
2021-04-04 12:08:55.424  INFO 18804 --- [restartedMain] o.s.b.d.a.OptionalLiveReloadServer       : LiveReload server is running on port 35729
2021-04-04 12:08:55.486  INFO 18804 --- [restartedMain] o.s.b.w.embedded.tomcat.TomcatWebServer  : Tomcat started on port(s): 80 (http) with context path ''
2021-04-04 12:08:55.493  INFO 18804 --- [restartedMain] .g.r.RuralConveniencePlatformApplication : Started RuralConveniencePlatformApplication in 3.078 seconds (JVM running for 7748.251)
2021-04-04 12:08:55.497  INFO 18804 --- [restartedMain] .ConditionEvaluationDeltaLoggingListener : Condition evaluation unchanged
2021-04-04 12:12:15.824  INFO 18804 --- [Thread-48] o.s.s.concurrent.ThreadPoolTaskExecutor  : Shutting down ExecutorService 'applicationTaskExecutor'
2021-04-04 12:12:15.827  INFO 18804 --- [Thread-48] com.alibaba.druid.pool.DruidDataSource   : {dataSource-6} closed
2021-04-04 12:12:16.234  INFO 18804 --- [restartedMain] .g.r.RuralConveniencePlatformApplication : Starting RuralConveniencePlatformApplication using Java 1.8.0_144 on ittt with PID 18804 (E:\Users\dell\workspace2020\青软实训\rural_convenience_platform\target\classes started by xinyi in E:\Users\dell\workspace2020\青软实训\rural_convenience_platform)
2021-04-04 12:12:16.234  INFO 18804 --- [restartedMain] .g.r.RuralConveniencePlatformApplication : No active profile set, falling back to default profiles: default
2021-04-04 12:12:16.709  WARN 18804 --- [restartedMain] t.m.s.mapper.ClassPathMapperScanner      : No MyBatis mapper was found in '[com.gy.rural_convenience_platform]' package. Please check your configuration.
2021-04-04 12:12:16.729  WARN 18804 --- [restartedMain] o.m.s.mapper.ClassPathMapperScanner      : No MyBatis mapper was found in '[com.gy.rural_convenience_platform]' package. Please check your configuration.
2021-04-04 12:12:16.802  INFO 18804 --- [restartedMain] .s.d.r.c.RepositoryConfigurationDelegate : Multiple Spring Data modules found, entering strict repository configuration mode!
2021-04-04 12:12:16.802  INFO 18804 --- [restartedMain] .s.d.r.c.RepositoryConfigurationDelegate : Bootstrapping Spring Data Redis repositories in DEFAULT mode.
2021-04-04 12:12:16.825  INFO 18804 --- [restartedMain] .s.d.r.c.RepositoryConfigurationDelegate : Finished Spring Data repository scanning in 22 ms. Found 0 Redis repository interfaces.
2021-04-04 12:12:17.215  INFO 18804 --- [restartedMain] o.s.b.w.embedded.tomcat.TomcatWebServer  : Tomcat initialized with port(s): 80 (http)
2021-04-04 12:12:17.216  INFO 18804 --- [restartedMain] o.apache.catalina.core.StandardService   : Starting service [Tomcat]
2021-04-04 12:12:17.217  INFO 18804 --- [restartedMain] org.apache.catalina.core.StandardEngine  : Starting Servlet engine: [Apache Tomcat/9.0.39]
2021-04-04 12:12:17.307  INFO 18804 --- [restartedMain] o.a.c.c.C.[Tomcat-1].[localhost].[/]     : Initializing Spring embedded WebApplicationContext
2021-04-04 12:12:17.307  INFO 18804 --- [restartedMain] w.s.c.ServletWebServerApplicationContext : Root WebApplicationContext: initialization completed in 1064 ms
2021-04-04 12:12:17.373  INFO 18804 --- [restartedMain] c.a.d.s.b.a.DruidDataSourceAutoConfigure : Init DruidDataSource
2021-04-04 12:12:17.519  INFO 18804 --- [restartedMain] com.alibaba.druid.pool.DruidDataSource   : {dataSource-7} inited
2021-04-04 12:12:18.536  INFO 18804 --- [restartedMain] o.s.s.concurrent.ThreadPoolTaskExecutor  : Initializing ExecutorService 'applicationTaskExecutor'
2021-04-04 12:12:18.632  INFO 18804 --- [restartedMain] o.s.b.d.a.OptionalLiveReloadServer       : LiveReload server is running on port 35729
2021-04-04 12:12:18.663  INFO 18804 --- [restartedMain] o.s.b.w.embedded.tomcat.TomcatWebServer  : Tomcat started on port(s): 80 (http) with context path ''
2021-04-04 12:12:18.671  INFO 18804 --- [restartedMain] .g.r.RuralConveniencePlatformApplication : Started RuralConveniencePlatformApplication in 2.478 seconds (JVM running for 7951.429)
2021-04-04 12:12:18.673  INFO 18804 --- [restartedMain] .ConditionEvaluationDeltaLoggingListener : Condition evaluation unchanged
2021-04-04 12:12:20.647  INFO 18804 --- [Thread-53] o.s.s.concurrent.ThreadPoolTaskExecutor  : Shutting down ExecutorService 'applicationTaskExecutor'
2021-04-04 12:12:20.649  INFO 18804 --- [Thread-53] com.alibaba.druid.pool.DruidDataSource   : {dataSource-7} closed
2021-04-04 12:12:20.933  INFO 18804 --- [restartedMain] .g.r.RuralConveniencePlatformApplication : Starting RuralConveniencePlatformApplication using Java 1.8.0_144 on ittt with PID 18804 (E:\Users\dell\workspace2020\青软实训\rural_convenience_platform\target\classes started by xinyi in E:\Users\dell\workspace2020\青软实训\rural_convenience_platform)
2021-04-04 12:12:20.933  INFO 18804 --- [restartedMain] .g.r.RuralConveniencePlatformApplication : No active profile set, falling back to default profiles: default
2021-04-04 12:12:21.120  WARN 18804 --- [restartedMain] t.m.s.mapper.ClassPathMapperScanner      : No MyBatis mapper was found in '[com.gy.rural_convenience_platform]' package. Please check your configuration.
2021-04-04 12:12:21.126  WARN 18804 --- [restartedMain] o.m.s.mapper.ClassPathMapperScanner      : No MyBatis mapper was found in '[com.gy.rural_convenience_platform]' package. Please check your configuration.
2021-04-04 12:12:21.136  INFO 18804 --- [restartedMain] .s.d.r.c.RepositoryConfigurationDelegate : Multiple Spring Data modules found, entering strict repository configuration mode!
2021-04-04 12:12:21.136  INFO 18804 --- [restartedMain] .s.d.r.c.RepositoryConfigurationDelegate : Bootstrapping Spring Data Redis repositories in DEFAULT mode.
2021-04-04 12:12:21.157  INFO 18804 --- [restartedMain] .s.d.r.c.RepositoryConfigurationDelegate : Finished Spring Data repository scanning in 20 ms. Found 0 Redis repository interfaces.
2021-04-04 12:12:21.283  INFO 18804 --- [restartedMain] o.s.b.w.embedded.tomcat.TomcatWebServer  : Tomcat initialized with port(s): 80 (http)
2021-04-04 12:12:21.284  INFO 18804 --- [restartedMain] o.apache.catalina.core.StandardService   : Starting service [Tomcat]
2021-04-04 12:12:21.284  INFO 18804 --- [restartedMain] org.apache.catalina.core.StandardEngine  : Starting Servlet engine: [Apache Tomcat/9.0.39]
2021-04-04 12:12:21.308  INFO 18804 --- [restartedMain] o.a.c.c.C.[Tomcat-1].[localhost].[/]     : Initializing Spring embedded WebApplicationContext
2021-04-04 12:12:21.308  INFO 18804 --- [restartedMain] w.s.c.ServletWebServerApplicationContext : Root WebApplicationContext: initialization completed in 369 ms
2021-04-04 12:12:21.330  INFO 18804 --- [restartedMain] c.a.d.s.b.a.DruidDataSourceAutoConfigure : Init DruidDataSource
2021-04-04 12:12:21.383  INFO 18804 --- [restartedMain] com.alibaba.druid.pool.DruidDataSource   : {dataSource-8} inited
2021-04-04 12:12:21.862  INFO 18804 --- [restartedMain] o.s.s.concurrent.ThreadPoolTaskExecutor  : Initializing ExecutorService 'applicationTaskExecutor'
2021-04-04 12:12:21.923  INFO 18804 --- [restartedMain] o.s.b.d.a.OptionalLiveReloadServer       : LiveReload server is running on port 35729
2021-04-04 12:12:21.948  INFO 18804 --- [restartedMain] o.s.b.w.embedded.tomcat.TomcatWebServer  : Tomcat started on port(s): 80 (http) with context path ''
2021-04-04 12:12:21.952  INFO 18804 --- [restartedMain] .g.r.RuralConveniencePlatformApplication : Started RuralConveniencePlatformApplication in 1.047 seconds (JVM running for 7954.71)
2021-04-04 12:12:21.953  INFO 18804 --- [restartedMain] .ConditionEvaluationDeltaLoggingListener : Condition evaluation unchanged
2021-04-04 12:13:48.047  INFO 18804 --- [Thread-58] o.s.s.concurrent.ThreadPoolTaskExecutor  : Shutting down ExecutorService 'applicationTaskExecutor'
2021-04-04 12:13:48.079  INFO 18804 --- [Thread-58] com.alibaba.druid.pool.DruidDataSource   : {dataSource-8} closed
2021-04-04 12:13:49.052  INFO 18804 --- [restartedMain] .g.r.RuralConveniencePlatformApplication : Starting RuralConveniencePlatformApplication using Java 1.8.0_144 on ittt with PID 18804 (E:\Users\dell\workspace2020\青软实训\rural_convenience_platform\target\classes started by xinyi in E:\Users\dell\workspace2020\青软实训\rural_convenience_platform)
2021-04-04 12:13:49.053  INFO 18804 --- [restartedMain] .g.r.RuralConveniencePlatformApplication : No active profile set, falling back to default profiles: default
2021-04-04 12:13:49.491  WARN 18804 --- [restartedMain] t.m.s.mapper.ClassPathMapperScanner      : No MyBatis mapper was found in '[com.gy.rural_convenience_platform]' package. Please check your configuration.
2021-04-04 12:13:49.501  WARN 18804 --- [restartedMain] o.m.s.mapper.ClassPathMapperScanner      : No MyBatis mapper was found in '[com.gy.rural_convenience_platform]' package. Please check your configuration.
2021-04-04 12:13:49.518  INFO 18804 --- [restartedMain] .s.d.r.c.RepositoryConfigurationDelegate : Multiple Spring Data modules found, entering strict repository configuration mode!
2021-04-04 12:13:49.518  INFO 18804 --- [restartedMain] .s.d.r.c.RepositoryConfigurationDelegate : Bootstrapping Spring Data Redis repositories in DEFAULT mode.
2021-04-04 12:13:49.535  INFO 18804 --- [restartedMain] .s.d.r.c.RepositoryConfigurationDelegate : Finished Spring Data repository scanning in 16 ms. Found 0 Redis repository interfaces.
2021-04-04 12:13:49.702  INFO 18804 --- [restartedMain] o.s.b.w.embedded.tomcat.TomcatWebServer  : Tomcat initialized with port(s): 80 (http)
2021-04-04 12:13:49.703  INFO 18804 --- [restartedMain] o.apache.catalina.core.StandardService   : Starting service [Tomcat]
2021-04-04 12:13:49.704  INFO 18804 --- [restartedMain] org.apache.catalina.core.StandardEngine  : Starting Servlet engine: [Apache Tomcat/9.0.39]
2021-04-04 12:13:49.730  INFO 18804 --- [restartedMain] o.a.c.c.C.[Tomcat-1].[localhost].[/]     : Initializing Spring embedded WebApplicationContext
2021-04-04 12:13:49.730  INFO 18804 --- [restartedMain] w.s.c.ServletWebServerApplicationContext : Root WebApplicationContext: initialization completed in 666 ms
2021-04-04 12:13:49.775  INFO 18804 --- [restartedMain] c.a.d.s.b.a.DruidDataSourceAutoConfigure : Init DruidDataSource
2021-04-04 12:13:49.875  INFO 18804 --- [restartedMain] com.alibaba.druid.pool.DruidDataSource   : {dataSource-9} inited
2021-04-04 12:13:50.768  INFO 18804 --- [restartedMain] o.s.s.concurrent.ThreadPoolTaskExecutor  : Initializing ExecutorService 'applicationTaskExecutor'
2021-04-04 12:13:50.897  INFO 18804 --- [restartedMain] o.s.b.d.a.OptionalLiveReloadServer       : LiveReload server is running on port 35729
2021-04-04 12:13:50.953  INFO 18804 --- [restartedMain] o.s.b.w.embedded.tomcat.TomcatWebServer  : Tomcat started on port(s): 80 (http) with context path ''
2021-04-04 12:13:50.962  INFO 18804 --- [restartedMain] .g.r.RuralConveniencePlatformApplication : Started RuralConveniencePlatformApplication in 2.014 seconds (JVM running for 8043.72)
2021-04-04 12:13:50.965  INFO 18804 --- [restartedMain] .ConditionEvaluationDeltaLoggingListener : Condition evaluation unchanged
2021-04-04 12:17:47.253  INFO 18804 --- [Thread-63] o.s.s.concurrent.ThreadPoolTaskExecutor  : Shutting down ExecutorService 'applicationTaskExecutor'
2021-04-04 12:17:47.258  INFO 18804 --- [Thread-63] com.alibaba.druid.pool.DruidDataSource   : {dataSource-9} closed
2021-04-04 12:17:47.688  INFO 18804 --- [restartedMain] .g.r.RuralConveniencePlatformApplication : Starting RuralConveniencePlatformApplication using Java 1.8.0_144 on ittt with PID 18804 (E:\Users\dell\workspace2020\青软实训\rural_convenience_platform\target\classes started by xinyi in E:\Users\dell\workspace2020\青软实训\rural_convenience_platform)
2021-04-04 12:17:47.689  INFO 18804 --- [restartedMain] .g.r.RuralConveniencePlatformApplication : No active profile set, falling back to default profiles: default
2021-04-04 12:17:48.086  WARN 18804 --- [restartedMain] t.m.s.mapper.ClassPathMapperScanner      : No MyBatis mapper was found in '[com.gy.rural_convenience_platform]' package. Please check your configuration.
2021-04-04 12:17:48.100  WARN 18804 --- [restartedMain] o.m.s.mapper.ClassPathMapperScanner      : No MyBatis mapper was found in '[com.gy.rural_convenience_platform]' package. Please check your configuration.
2021-04-04 12:17:48.117  INFO 18804 --- [restartedMain] .s.d.r.c.RepositoryConfigurationDelegate : Multiple Spring Data modules found, entering strict repository configuration mode!
2021-04-04 12:17:48.117  INFO 18804 --- [restartedMain] .s.d.r.c.RepositoryConfigurationDelegate : Bootstrapping Spring Data Redis repositories in DEFAULT mode.
2021-04-04 12:17:48.142  INFO 18804 --- [restartedMain] .s.d.r.c.RepositoryConfigurationDelegate : Finished Spring Data repository scanning in 24 ms. Found 0 Redis repository interfaces.
2021-04-04 12:17:48.611  INFO 18804 --- [restartedMain] o.s.b.w.embedded.tomcat.TomcatWebServer  : Tomcat initialized with port(s): 80 (http)
2021-04-04 12:17:48.613  INFO 18804 --- [restartedMain] o.apache.catalina.core.StandardService   : Starting service [Tomcat]
2021-04-04 12:17:48.613  INFO 18804 --- [restartedMain] org.apache.catalina.core.StandardEngine  : Starting Servlet engine: [Apache Tomcat/9.0.39]
2021-04-04 12:17:48.689  INFO 18804 --- [restartedMain] o.a.c.c.C.[Tomcat-1].[localhost].[/]     : Initializing Spring embedded WebApplicationContext
2021-04-04 12:17:48.689  INFO 18804 --- [restartedMain] w.s.c.ServletWebServerApplicationContext : Root WebApplicationContext: initialization completed in 992 ms
2021-04-04 12:17:48.770  INFO 18804 --- [restartedMain] c.a.d.s.b.a.DruidDataSourceAutoConfigure : Init DruidDataSource
2021-04-04 12:17:48.853  INFO 18804 --- [restartedMain] com.alibaba.druid.pool.DruidDataSource   : {dataSource-10} inited
2021-04-04 12:17:49.373  WARN 18804 --- [restartedMain] ConfigServletWebServerApplicationContext : Exception encountered during context initialization - cancelling refresh attempt: org.springframework.beans.factory.UnsatisfiedDependencyException: Error creating bean with name 'userServerController': Unsatisfied dependency expressed through field 'userServerService'; nested exception is org.springframework.beans.factory.NoSuchBeanDefinitionException: No qualifying bean of type 'com.gy.rural_convenience_platform.service.UserServerService' available: expected at least 1 bean which qualifies as autowire candidate. Dependency annotations: {@org.springframework.beans.factory.annotation.Autowired(required=true)}
2021-04-04 12:17:49.374  INFO 18804 --- [restartedMain] com.alibaba.druid.pool.DruidDataSource   : {dataSource-10} closed
2021-04-04 12:17:49.375  INFO 18804 --- [restartedMain] o.apache.catalina.core.StandardService   : Stopping service [Tomcat]
2021-04-04 12:17:49.384  INFO 18804 --- [restartedMain] ConditionEvaluationReportLoggingListener : 

Error starting ApplicationContext. To display the conditions report re-run your application with 'debug' enabled.
2021-04-04 12:17:49.392 ERROR 18804 --- [restartedMain] o.s.b.d.LoggingFailureAnalysisReporter   : 

***************************
APPLICATION FAILED TO START
***************************

Description:

Field userServerService in com.gy.rural_convenience_platform.controller.UserServerController required a bean of type 'com.gy.rural_convenience_platform.service.UserServerService' that could not be found.

The injection point has the following annotations:
	- @org.springframework.beans.factory.annotation.Autowired(required=true)


Action:

Consider defining a bean of type 'com.gy.rural_convenience_platform.service.UserServerService' in your configuration.

2021-04-04 12:17:50.942  INFO 18804 --- [restartedMain] .g.r.RuralConveniencePlatformApplication : Starting RuralConveniencePlatformApplication using Java 1.8.0_144 on ittt with PID 18804 (E:\Users\dell\workspace2020\青软实训\rural_convenience_platform\target\classes started by xinyi in E:\Users\dell\workspace2020\青软实训\rural_convenience_platform)
2021-04-04 12:17:50.943  INFO 18804 --- [restartedMain] .g.r.RuralConveniencePlatformApplication : No active profile set, falling back to default profiles: default
2021-04-04 12:17:51.875  WARN 18804 --- [restartedMain] t.m.s.mapper.ClassPathMapperScanner      : No MyBatis mapper was found in '[com.gy.rural_convenience_platform]' package. Please check your configuration.
2021-04-04 12:17:51.892  WARN 18804 --- [restartedMain] o.m.s.mapper.ClassPathMapperScanner      : No MyBatis mapper was found in '[com.gy.rural_convenience_platform]' package. Please check your configuration.
2021-04-04 12:17:51.920  INFO 18804 --- [restartedMain] .s.d.r.c.RepositoryConfigurationDelegate : Multiple Spring Data modules found, entering strict repository configuration mode!
2021-04-04 12:17:51.920  INFO 18804 --- [restartedMain] .s.d.r.c.RepositoryConfigurationDelegate : Bootstrapping Spring Data Redis repositories in DEFAULT mode.
2021-04-04 12:17:52.000  INFO 18804 --- [restartedMain] .s.d.r.c.RepositoryConfigurationDelegate : Finished Spring Data repository scanning in 78 ms. Found 0 Redis repository interfaces.
2021-04-04 12:17:52.362  INFO 18804 --- [restartedMain] o.s.b.w.embedded.tomcat.TomcatWebServer  : Tomcat initialized with port(s): 80 (http)
2021-04-04 12:17:52.363  INFO 18804 --- [restartedMain] o.apache.catalina.core.StandardService   : Starting service [Tomcat]
2021-04-04 12:17:52.363  INFO 18804 --- [restartedMain] org.apache.catalina.core.StandardEngine  : Starting Servlet engine: [Apache Tomcat/9.0.39]
2021-04-04 12:17:52.400  INFO 18804 --- [restartedMain] o.a.c.c.C.[Tomcat-2].[localhost].[/]     : Initializing Spring embedded WebApplicationContext
2021-04-04 12:17:52.400  INFO 18804 --- [restartedMain] w.s.c.ServletWebServerApplicationContext : Root WebApplicationContext: initialization completed in 1442 ms
2021-04-04 12:17:52.454  INFO 18804 --- [restartedMain] c.a.d.s.b.a.DruidDataSourceAutoConfigure : Init DruidDataSource
2021-04-04 12:17:52.543  INFO 18804 --- [restartedMain] com.alibaba.druid.pool.DruidDataSource   : {dataSource-11} inited
2021-04-04 12:17:53.639  INFO 18804 --- [restartedMain] o.s.s.concurrent.ThreadPoolTaskExecutor  : Initializing ExecutorService 'applicationTaskExecutor'
2021-04-04 12:17:53.699  INFO 18804 --- [restartedMain] o.s.b.d.a.OptionalLiveReloadServer       : LiveReload server is running on port 35729
2021-04-04 12:17:53.725  INFO 18804 --- [restartedMain] o.s.b.w.embedded.tomcat.TomcatWebServer  : Tomcat started on port(s): 80 (http) with context path ''
2021-04-04 12:17:53.729  INFO 18804 --- [restartedMain] .g.r.RuralConveniencePlatformApplication : Started RuralConveniencePlatformApplication in 2.848 seconds (JVM running for 8286.488)
2021-04-04 12:17:53.730  INFO 18804 --- [restartedMain] .ConditionEvaluationDeltaLoggingListener : Condition evaluation unchanged
2021-04-04 12:19:28.128  INFO 18804 --- [Thread-68] o.s.s.concurrent.ThreadPoolTaskExecutor  : Shutting down ExecutorService 'applicationTaskExecutor'
2021-04-04 12:19:28.133  INFO 18804 --- [Thread-68] com.alibaba.druid.pool.DruidDataSource   : {dataSource-11} closed
2021-04-04 12:19:28.597  INFO 18804 --- [restartedMain] .g.r.RuralConveniencePlatformApplication : Starting RuralConveniencePlatformApplication using Java 1.8.0_144 on ittt with PID 18804 (E:\Users\dell\workspace2020\青软实训\rural_convenience_platform\target\classes started by xinyi in E:\Users\dell\workspace2020\青软实训\rural_convenience_platform)
2021-04-04 12:19:28.597  INFO 18804 --- [restartedMain] .g.r.RuralConveniencePlatformApplication : No active profile set, falling back to default profiles: default
2021-04-04 12:19:28.892  WARN 18804 --- [restartedMain] t.m.s.mapper.ClassPathMapperScanner      : No MyBatis mapper was found in '[com.gy.rural_convenience_platform]' package. Please check your configuration.
2021-04-04 12:19:28.901  WARN 18804 --- [restartedMain] o.m.s.mapper.ClassPathMapperScanner      : No MyBatis mapper was found in '[com.gy.rural_convenience_platform]' package. Please check your configuration.
2021-04-04 12:19:28.908  INFO 18804 --- [restartedMain] .s.d.r.c.RepositoryConfigurationDelegate : Multiple Spring Data modules found, entering strict repository configuration mode!
2021-04-04 12:19:28.908  INFO 18804 --- [restartedMain] .s.d.r.c.RepositoryConfigurationDelegate : Bootstrapping Spring Data Redis repositories in DEFAULT mode.
2021-04-04 12:19:28.924  INFO 18804 --- [restartedMain] .s.d.r.c.RepositoryConfigurationDelegate : Finished Spring Data repository scanning in 14 ms. Found 0 Redis repository interfaces.
2021-04-04 12:19:29.081  INFO 18804 --- [restartedMain] o.s.b.w.embedded.tomcat.TomcatWebServer  : Tomcat initialized with port(s): 80 (http)
2021-04-04 12:19:29.081  INFO 18804 --- [restartedMain] o.apache.catalina.core.StandardService   : Starting service [Tomcat]
2021-04-04 12:19:29.081  INFO 18804 --- [restartedMain] org.apache.catalina.core.StandardEngine  : Starting Servlet engine: [Apache Tomcat/9.0.39]
2021-04-04 12:19:29.116  INFO 18804 --- [restartedMain] o.a.c.c.C.[Tomcat-2].[localhost].[/]     : Initializing Spring embedded WebApplicationContext
2021-04-04 12:19:29.116  INFO 18804 --- [restartedMain] w.s.c.ServletWebServerApplicationContext : Root WebApplicationContext: initialization completed in 509 ms
2021-04-04 12:19:29.162  INFO 18804 --- [restartedMain] c.a.d.s.b.a.DruidDataSourceAutoConfigure : Init DruidDataSource
2021-04-04 12:19:29.248  INFO 18804 --- [restartedMain] com.alibaba.druid.pool.DruidDataSource   : {dataSource-12} inited
2021-04-04 12:19:30.013  INFO 18804 --- [restartedMain] o.s.s.concurrent.ThreadPoolTaskExecutor  : Initializing ExecutorService 'applicationTaskExecutor'
2021-04-04 12:19:30.148  INFO 18804 --- [restartedMain] o.s.b.d.a.OptionalLiveReloadServer       : LiveReload server is running on port 35729
2021-04-04 12:19:30.213  INFO 18804 --- [restartedMain] o.s.b.w.embedded.tomcat.TomcatWebServer  : Tomcat started on port(s): 80 (http) with context path ''
2021-04-04 12:19:30.219  INFO 18804 --- [restartedMain] .g.r.RuralConveniencePlatformApplication : Started RuralConveniencePlatformApplication in 1.66 seconds (JVM running for 8382.978)
2021-04-04 12:19:30.221  INFO 18804 --- [restartedMain] .ConditionEvaluationDeltaLoggingListener : Condition evaluation unchanged
2021-04-04 12:21:13.911  INFO 18804 --- [Thread-76] o.s.s.concurrent.ThreadPoolTaskExecutor  : Shutting down ExecutorService 'applicationTaskExecutor'
2021-04-04 12:21:13.916  INFO 18804 --- [Thread-76] com.alibaba.druid.pool.DruidDataSource   : {dataSource-12} closed
2021-04-04 12:21:14.325  INFO 18804 --- [restartedMain] .g.r.RuralConveniencePlatformApplication : Starting RuralConveniencePlatformApplication using Java 1.8.0_144 on ittt with PID 18804 (E:\Users\dell\workspace2020\青软实训\rural_convenience_platform\target\classes started by xinyi in E:\Users\dell\workspace2020\青软实训\rural_convenience_platform)
2021-04-04 12:21:14.326  INFO 18804 --- [restartedMain] .g.r.RuralConveniencePlatformApplication : No active profile set, falling back to default profiles: default
2021-04-04 12:21:14.690  WARN 18804 --- [restartedMain] t.m.s.mapper.ClassPathMapperScanner      : No MyBatis mapper was found in '[com.gy.rural_convenience_platform]' package. Please check your configuration.
2021-04-04 12:21:14.703  WARN 18804 --- [restartedMain] o.m.s.mapper.ClassPathMapperScanner      : No MyBatis mapper was found in '[com.gy.rural_convenience_platform]' package. Please check your configuration.
2021-04-04 12:21:14.717  INFO 18804 --- [restartedMain] .s.d.r.c.RepositoryConfigurationDelegate : Multiple Spring Data modules found, entering strict repository configuration mode!
2021-04-04 12:21:14.717  INFO 18804 --- [restartedMain] .s.d.r.c.RepositoryConfigurationDelegate : Bootstrapping Spring Data Redis repositories in DEFAULT mode.
2021-04-04 12:21:14.733  INFO 18804 --- [restartedMain] .s.d.r.c.RepositoryConfigurationDelegate : Finished Spring Data repository scanning in 15 ms. Found 0 Redis repository interfaces.
2021-04-04 12:21:14.902  INFO 18804 --- [restartedMain] o.s.b.w.embedded.tomcat.TomcatWebServer  : Tomcat initialized with port(s): 80 (http)
2021-04-04 12:21:14.903  INFO 18804 --- [restartedMain] o.apache.catalina.core.StandardService   : Starting service [Tomcat]
2021-04-04 12:21:14.903  INFO 18804 --- [restartedMain] org.apache.catalina.core.StandardEngine  : Starting Servlet engine: [Apache Tomcat/9.0.39]
2021-04-04 12:21:14.928  INFO 18804 --- [restartedMain] o.a.c.c.C.[Tomcat-2].[localhost].[/]     : Initializing Spring embedded WebApplicationContext
2021-04-04 12:21:14.929  INFO 18804 --- [restartedMain] w.s.c.ServletWebServerApplicationContext : Root WebApplicationContext: initialization completed in 584 ms
2021-04-04 12:21:14.962  INFO 18804 --- [restartedMain] c.a.d.s.b.a.DruidDataSourceAutoConfigure : Init DruidDataSource
2021-04-04 12:21:15.043  INFO 18804 --- [restartedMain] com.alibaba.druid.pool.DruidDataSource   : {dataSource-13} inited
2021-04-04 12:21:16.074  INFO 18804 --- [restartedMain] o.s.s.concurrent.ThreadPoolTaskExecutor  : Initializing ExecutorService 'applicationTaskExecutor'
2021-04-04 12:21:16.214  INFO 18804 --- [restartedMain] o.s.b.d.a.OptionalLiveReloadServer       : LiveReload server is running on port 35729
2021-04-04 12:21:16.259  INFO 18804 --- [restartedMain] o.s.b.w.embedded.tomcat.TomcatWebServer  : Tomcat started on port(s): 80 (http) with context path ''
2021-04-04 12:21:16.283  INFO 18804 --- [restartedMain] .g.r.RuralConveniencePlatformApplication : Started RuralConveniencePlatformApplication in 2.009 seconds (JVM running for 8489.042)
2021-04-04 12:21:16.286  INFO 18804 --- [restartedMain] .ConditionEvaluationDeltaLoggingListener : Condition evaluation unchanged
2021-04-04 12:25:11.511  INFO 9600 --- [main] .g.r.RuralConveniencePlatformApplication : Starting RuralConveniencePlatformApplication using Java 1.8.0_144 on ittt with PID 9600 (E:\Users\dell\workspace2020\青软实训\rural_convenience_platform\target\classes started by xinyi in E:\Users\dell\workspace2020\青软实训\rural_convenience_platform)
2021-04-04 12:25:11.514  INFO 9600 --- [main] .g.r.RuralConveniencePlatformApplication : No active profile set, falling back to default profiles: default
2021-04-04 12:25:11.744  INFO 9600 --- [main] .e.DevToolsPropertyDefaultsPostProcessor : Devtools property defaults active! Set 'spring.devtools.add-properties' to 'false' to disable
2021-04-04 12:25:11.744  INFO 9600 --- [main] .e.DevToolsPropertyDefaultsPostProcessor : For additional web related logging consider setting the 'logging.level.web' property to 'DEBUG'
2021-04-04 12:25:13.815  WARN 9600 --- [main] ssPathScanningCandidateComponentProvider : No MyBatis mapper was found in '[com.gy.rural_convenience_platform]' package. Please check your configuration.
2021-04-04 12:25:13.841  WARN 9600 --- [main] ssPathScanningCandidateComponentProvider : No MyBatis mapper was found in '[com.gy.rural_convenience_platform]' package. Please check your configuration.
2021-04-04 12:25:14.010  INFO 9600 --- [main] .s.d.r.c.RepositoryConfigurationDelegate : Multiple Spring Data modules found, entering strict repository configuration mode!
2021-04-04 12:25:14.017  INFO 9600 --- [main] .s.d.r.c.RepositoryConfigurationDelegate : Bootstrapping Spring Data Redis repositories in DEFAULT mode.
2021-04-04 12:25:14.158  INFO 9600 --- [main] .s.d.r.c.RepositoryConfigurationDelegate : Finished Spring Data repository scanning in 76 ms. Found 0 Redis repository interfaces.
2021-04-04 12:25:16.023  INFO 9600 --- [main] o.s.b.w.embedded.tomcat.TomcatWebServer  : Tomcat initialized with port(s): 80 (http)
2021-04-04 12:25:16.054  INFO 9600 --- [main] o.apache.catalina.core.StandardService   : Starting service [Tomcat]
2021-04-04 12:25:16.055  INFO 9600 --- [main] org.apache.catalina.core.StandardEngine  : Starting Servlet engine: [Apache Tomcat/9.0.39]
2021-04-04 12:25:16.239  INFO 9600 --- [main] o.a.c.c.C.[Tomcat].[localhost].[/]       : Initializing Spring embedded WebApplicationContext
2021-04-04 12:25:16.239  INFO 9600 --- [main] w.s.c.ServletWebServerApplicationContext : Root WebApplicationContext: initialization completed in 4492 ms
2021-04-04 12:25:16.577  INFO 9600 --- [main] c.a.d.s.b.a.DruidDataSourceAutoConfigure : Init DruidDataSource
2021-04-04 12:25:17.521  INFO 9600 --- [main] com.alibaba.druid.pool.DruidDataSource   : {dataSource-1} inited
2021-04-04 12:25:20.097  INFO 9600 --- [main] o.s.s.concurrent.ThreadPoolTaskExecutor  : Initializing ExecutorService 'applicationTaskExecutor'
2021-04-04 12:25:20.720  INFO 9600 --- [main] o.s.b.d.a.OptionalLiveReloadServer       : LiveReload server is running on port 35729
2021-04-04 12:25:20.827  INFO 9600 --- [main] o.s.b.w.embedded.tomcat.TomcatWebServer  : Tomcat started on port(s): 80 (http) with context path ''
2021-04-04 12:25:20.843  INFO 9600 --- [main] .g.r.RuralConveniencePlatformApplication : Started RuralConveniencePlatformApplication in 11.185 seconds (JVM running for 18.652)
2021-04-04 12:34:34.577  INFO 9600 --- [http-nio-80-exec-1] o.a.c.c.C.[Tomcat].[localhost].[/]       : Initializing Spring DispatcherServlet 'dispatcherServlet'
2021-04-04 12:34:34.578  INFO 9600 --- [http-nio-80-exec-1] o.s.web.servlet.DispatcherServlet        : Initializing Servlet 'dispatcherServlet'
2021-04-04 12:34:34.580  INFO 9600 --- [http-nio-80-exec-1] o.s.web.servlet.DispatcherServlet        : Completed initialization in 2 ms
2021-04-04 12:42:03.116 ERROR 9600 --- [http-nio-80-exec-6] o.a.c.c.C.[.[.[/].[dispatcherServlet]    : Servlet.service() for servlet [dispatcherServlet] in context with path [] threw exception [Request processing failed; nested exception is org.springframework.jdbc.BadSqlGrammarException: 
### Error querying database.  Cause: com.mysql.jdbc.exceptions.jdbc4.MySQLSyntaxErrorException: You have an error in your SQL syntax; check the manual that corresponds to your MySQL server version for the right syntax to use near 'order_num = '20210404124030252661'' at line 22
### The error may exist in file [E:\Users\dell\workspace2020\青软实训\rural_convenience_platform\target\classes\mapper\UserServerOrderMapper.xml]
### The error may involve com.gy.rural_convenience_platform.mapper.UserServerOrderMapper.getServerOrderDtl-Inline
### The error occurred while setting parameters
### SQL: select           id           ,user_id           ,type           ,goods           ,begin_addr           ,begin_addr_desc           ,begin_phone           ,end_addr           ,end_addr_desc           ,end_phone           ,distance           ,price           ,order_num           ,remarks           ,order_state           ,pay_state         from user_server_order          WHERE user_id = ?                                           order_num = ?
### Cause: com.mysql.jdbc.exceptions.jdbc4.MySQLSyntaxErrorException: You have an error in your SQL syntax; check the manual that corresponds to your MySQL server version for the right syntax to use near 'order_num = '20210404124030252661'' at line 22
; bad SQL grammar []; nested exception is com.mysql.jdbc.exceptions.jdbc4.MySQLSyntaxErrorException: You have an error in your SQL syntax; check the manual that corresponds to your MySQL server version for the right syntax to use near 'order_num = '20210404124030252661'' at line 22] with root cause

com.mysql.jdbc.exceptions.jdbc4.MySQLSyntaxErrorException: You have an error in your SQL syntax; check the manual that corresponds to your MySQL server version for the right syntax to use near 'order_num = '20210404124030252661'' at line 22
	at sun.reflect.NativeConstructorAccessorImpl.newInstance0(Native Method) ~[na:1.8.0_144]
	at sun.reflect.NativeConstructorAccessorImpl.newInstance(NativeConstructorAccessorImpl.java:62) ~[na:1.8.0_144]
	at sun.reflect.DelegatingConstructorAccessorImpl.newInstance(DelegatingConstructorAccessorImpl.java:45) ~[na:1.8.0_144]
	at java.lang.reflect.Constructor.newInstance(Constructor.java:423) ~[na:1.8.0_144]
	at com.mysql.jdbc.Util.handleNewInstance(Util.java:425) ~[mysql-connector-java-5.1.47.jar:5.1.47]
	at com.mysql.jdbc.Util.getInstance(Util.java:408) ~[mysql-connector-java-5.1.47.jar:5.1.47]
	at com.mysql.jdbc.SQLError.createSQLException(SQLError.java:944) ~[mysql-connector-java-5.1.47.jar:5.1.47]
	at com.mysql.jdbc.MysqlIO.checkErrorPacket(MysqlIO.java:3978) ~[mysql-connector-java-5.1.47.jar:5.1.47]
	at com.mysql.jdbc.MysqlIO.checkErrorPacket(MysqlIO.java:3914) ~[mysql-connector-java-5.1.47.jar:5.1.47]
	at com.mysql.jdbc.MysqlIO.sendCommand(MysqlIO.java:2530) ~[mysql-connector-java-5.1.47.jar:5.1.47]
	at com.mysql.jdbc.MysqlIO.sqlQueryDirect(MysqlIO.java:2683) ~[mysql-connector-java-5.1.47.jar:5.1.47]
	at com.mysql.jdbc.ConnectionImpl.execSQL(ConnectionImpl.java:2495) ~[mysql-connector-java-5.1.47.jar:5.1.47]
	at com.mysql.jdbc.PreparedStatement.executeInternal(PreparedStatement.java:1903) ~[mysql-connector-java-5.1.47.jar:5.1.47]
	at com.mysql.jdbc.PreparedStatement.execute(PreparedStatement.java:1242) ~[mysql-connector-java-5.1.47.jar:5.1.47]
	at com.alibaba.druid.filter.FilterChainImpl.preparedStatement_execute(FilterChainImpl.java:3409) ~[druid-1.1.10.jar:1.1.10]
	at com.alibaba.druid.filter.FilterEventAdapter.preparedStatement_execute(FilterEventAdapter.java:440) ~[druid-1.1.10.jar:1.1.10]
	at com.alibaba.druid.filter.FilterChainImpl.preparedStatement_execute(FilterChainImpl.java:3407) ~[druid-1.1.10.jar:1.1.10]
	at com.alibaba.druid.proxy.jdbc.PreparedStatementProxyImpl.execute(PreparedStatementProxyImpl.java:167) ~[druid-1.1.10.jar:1.1.10]
	at com.alibaba.druid.pool.DruidPooledPreparedStatement.execute(DruidPooledPreparedStatement.java:498) ~[druid-1.1.10.jar:1.1.10]
	at org.apache.ibatis.executor.statement.PreparedStatementHandler.query(PreparedStatementHandler.java:63) ~[mybatis-3.4.6.jar:3.4.6]
	at org.apache.ibatis.executor.statement.RoutingStatementHandler.query(RoutingStatementHandler.java:79) ~[mybatis-3.4.6.jar:3.4.6]
	at org.apache.ibatis.executor.SimpleExecutor.doQuery(SimpleExecutor.java:63) ~[mybatis-3.4.6.jar:3.4.6]
	at org.apache.ibatis.executor.BaseExecutor.queryFromDatabase(BaseExecutor.java:326) ~[mybatis-3.4.6.jar:3.4.6]
	at org.apache.ibatis.executor.BaseExecutor.query(BaseExecutor.java:156) ~[mybatis-3.4.6.jar:3.4.6]
	at org.apache.ibatis.executor.CachingExecutor.query(CachingExecutor.java:109) ~[mybatis-3.4.6.jar:3.4.6]
	at com.github.pagehelper.PageInterceptor.intercept(PageInterceptor.java:143) ~[pagehelper-5.1.4.jar:na]
	at org.apache.ibatis.plugin.Plugin.invoke(Plugin.java:61) ~[mybatis-3.4.6.jar:3.4.6]
	at com.sun.proxy.$Proxy113.query(Unknown Source) ~[na:na]
	at org.apache.ibatis.session.defaults.DefaultSqlSession.selectList(DefaultSqlSession.java:148) ~[mybatis-3.4.6.jar:3.4.6]
	at org.apache.ibatis.session.defaults.DefaultSqlSession.selectList(DefaultSqlSession.java:141) ~[mybatis-3.4.6.jar:3.4.6]
	at sun.reflect.NativeMethodAccessorImpl.invoke0(Native Method) ~[na:1.8.0_144]
	at sun.reflect.NativeMethodAccessorImpl.invoke(NativeMethodAccessorImpl.java:62) ~[na:1.8.0_144]
	at sun.reflect.DelegatingMethodAccessorImpl.invoke(DelegatingMethodAccessorImpl.java:43) ~[na:1.8.0_144]
	at java.lang.reflect.Method.invoke(Method.java:498) ~[na:1.8.0_144]
	at org.mybatis.spring.SqlSessionTemplate$SqlSessionInterceptor.invoke(SqlSessionTemplate.java:433) ~[mybatis-spring-1.3.2.jar:1.3.2]
	at com.sun.proxy.$Proxy68.selectList(Unknown Source) ~[na:na]
	at org.mybatis.spring.SqlSessionTemplate.selectList(SqlSessionTemplate.java:230) ~[mybatis-spring-1.3.2.jar:1.3.2]
	at org.apache.ibatis.binding.MapperMethod.executeForMany(MapperMethod.java:139) ~[mybatis-3.4.6.jar:3.4.6]
	at org.apache.ibatis.binding.MapperMethod.execute(MapperMethod.java:76) ~[mybatis-3.4.6.jar:3.4.6]
	at org.apache.ibatis.binding.MapperProxy.invoke(MapperProxy.java:59) ~[mybatis-3.4.6.jar:3.4.6]
	at com.sun.proxy.$Proxy102.getServerOrderDtl(Unknown Source) ~[na:na]
	at sun.reflect.NativeMethodAccessorImpl.invoke0(Native Method) ~[na:1.8.0_144]
	at sun.reflect.NativeMethodAccessorImpl.invoke(NativeMethodAccessorImpl.java:62) ~[na:1.8.0_144]
	at sun.reflect.DelegatingMethodAccessorImpl.invoke(DelegatingMethodAccessorImpl.java:43) ~[na:1.8.0_144]
	at java.lang.reflect.Method.invoke(Method.java:498) ~[na:1.8.0_144]
	at org.springframework.aop.support.AopUtils.invokeJoinpointUsingReflection(AopUtils.java:344) ~[spring-aop-5.3.1.jar:5.3.1]
	at org.springframework.aop.framework.ReflectiveMethodInvocation.invokeJoinpoint(ReflectiveMethodInvocation.java:198) ~[spring-aop-5.3.1.jar:5.3.1]
	at org.springframework.aop.framework.ReflectiveMethodInvocation.proceed(ReflectiveMethodInvocation.java:163) ~[spring-aop-5.3.1.jar:5.3.1]
	at org.springframework.dao.support.PersistenceExceptionTranslationInterceptor.invoke(PersistenceExceptionTranslationInterceptor.java:137) ~[spring-tx-5.3.1.jar:5.3.1]
	at org.springframework.aop.framework.ReflectiveMethodInvocation.proceed(ReflectiveMethodInvocation.java:186) ~[spring-aop-5.3.1.jar:5.3.1]
	at org.springframework.aop.framework.JdkDynamicAopProxy.invoke(JdkDynamicAopProxy.java:215) ~[spring-aop-5.3.1.jar:5.3.1]
	at com.sun.proxy.$Proxy103.getServerOrderDtl(Unknown Source) ~[na:na]
	at com.gy.rural_convenience_platform.service.UserServerService.getServerOrderDtl(UserServerService.java:51) ~[classes/:na]
	at com.gy.rural_convenience_platform.controller.UserServerController.getServerOrderDtl(UserServerController.java:55) ~[classes/:na]
	at sun.reflect.NativeMethodAccessorImpl.invoke0(Native Method) ~[na:1.8.0_144]
	at sun.reflect.NativeMethodAccessorImpl.invoke(NativeMethodAccessorImpl.java:62) ~[na:1.8.0_144]
	at sun.reflect.DelegatingMethodAccessorImpl.invoke(DelegatingMethodAccessorImpl.java:43) ~[na:1.8.0_144]
	at java.lang.reflect.Method.invoke(Method.java:498) ~[na:1.8.0_144]
	at org.springframework.web.method.support.InvocableHandlerMethod.doInvoke(InvocableHandlerMethod.java:197) ~[spring-web-5.3.1.jar:5.3.1]
	at org.springframework.web.method.support.InvocableHandlerMethod.invokeForRequest(InvocableHandlerMethod.java:141) ~[spring-web-5.3.1.jar:5.3.1]
	at org.springframework.web.servlet.mvc.method.annotation.ServletInvocableHandlerMethod.invokeAndHandle(ServletInvocableHandlerMethod.java:106) ~[spring-webmvc-5.3.1.jar:5.3.1]
	at org.springframework.web.servlet.mvc.method.annotation.RequestMappingHandlerAdapter.invokeHandlerMethod(RequestMappingHandlerAdapter.java:893) ~[spring-webmvc-5.3.1.jar:5.3.1]
	at org.springframework.web.servlet.mvc.method.annotation.RequestMappingHandlerAdapter.handleInternal(RequestMappingHandlerAdapter.java:807) ~[spring-webmvc-5.3.1.jar:5.3.1]
	at org.springframework.web.servlet.mvc.method.AbstractHandlerMethodAdapter.handle(AbstractHandlerMethodAdapter.java:87) ~[spring-webmvc-5.3.1.jar:5.3.1]
	at org.springframework.web.servlet.DispatcherServlet.doDispatch(DispatcherServlet.java:1061) ~[spring-webmvc-5.3.1.jar:5.3.1]
	at org.springframework.web.servlet.DispatcherServlet.doService(DispatcherServlet.java:961) ~[spring-webmvc-5.3.1.jar:5.3.1]
	at org.springframework.web.servlet.FrameworkServlet.processRequest(FrameworkServlet.java:1006) ~[spring-webmvc-5.3.1.jar:5.3.1]
	at org.springframework.web.servlet.FrameworkServlet.doGet(FrameworkServlet.java:898) ~[spring-webmvc-5.3.1.jar:5.3.1]
	at javax.servlet.http.HttpServlet.service(HttpServlet.java:626) ~[tomcat-embed-core-9.0.39.jar:4.0.FR]
	at org.springframework.web.servlet.FrameworkServlet.service(FrameworkServlet.java:883) ~[spring-webmvc-5.3.1.jar:5.3.1]
	at javax.servlet.http.HttpServlet.service(HttpServlet.java:733) ~[tomcat-embed-core-9.0.39.jar:4.0.FR]
	at org.apache.catalina.core.ApplicationFilterChain.internalDoFilter(ApplicationFilterChain.java:231) ~[tomcat-embed-core-9.0.39.jar:9.0.39]
	at org.apache.catalina.core.ApplicationFilterChain.doFilter(ApplicationFilterChain.java:166) ~[tomcat-embed-core-9.0.39.jar:9.0.39]
	at org.apache.tomcat.websocket.server.WsFilter.doFilter(WsFilter.java:53) ~[tomcat-embed-websocket-9.0.39.jar:9.0.39]
	at org.apache.catalina.core.ApplicationFilterChain.internalDoFilter(ApplicationFilterChain.java:193) ~[tomcat-embed-core-9.0.39.jar:9.0.39]
	at org.apache.catalina.core.ApplicationFilterChain.doFilter(ApplicationFilterChain.java:166) ~[tomcat-embed-core-9.0.39.jar:9.0.39]
	at com.alibaba.druid.support.http.WebStatFilter.doFilter(WebStatFilter.java:123) ~[druid-1.1.10.jar:1.1.10]
	at org.apache.catalina.core.ApplicationFilterChain.internalDoFilter(ApplicationFilterChain.java:193) ~[tomcat-embed-core-9.0.39.jar:9.0.39]
	at org.apache.catalina.core.ApplicationFilterChain.doFilter(ApplicationFilterChain.java:166) ~[tomcat-embed-core-9.0.39.jar:9.0.39]
	at org.springframework.web.filter.RequestContextFilter.doFilterInternal(RequestContextFilter.java:100) ~[spring-web-5.3.1.jar:5.3.1]
	at org.springframework.web.filter.OncePerRequestFilter.doFilter(OncePerRequestFilter.java:119) ~[spring-web-5.3.1.jar:5.3.1]
	at org.apache.catalina.core.ApplicationFilterChain.internalDoFilter(ApplicationFilterChain.java:193) ~[tomcat-embed-core-9.0.39.jar:9.0.39]
	at org.apache.catalina.core.ApplicationFilterChain.doFilter(ApplicationFilterChain.java:166) ~[tomcat-embed-core-9.0.39.jar:9.0.39]
	at org.springframework.web.filter.FormContentFilter.doFilterInternal(FormContentFilter.java:93) ~[spring-web-5.3.1.jar:5.3.1]
	at org.springframework.web.filter.OncePerRequestFilter.doFilter(OncePerRequestFilter.java:119) ~[spring-web-5.3.1.jar:5.3.1]
	at org.apache.catalina.core.ApplicationFilterChain.internalDoFilter(ApplicationFilterChain.java:193) ~[tomcat-embed-core-9.0.39.jar:9.0.39]
	at org.apache.catalina.core.ApplicationFilterChain.doFilter(ApplicationFilterChain.java:166) ~[tomcat-embed-core-9.0.39.jar:9.0.39]
	at org.springframework.web.filter.CharacterEncodingFilter.doFilterInternal(CharacterEncodingFilter.java:201) ~[spring-web-5.3.1.jar:5.3.1]
	at org.springframework.web.filter.OncePerRequestFilter.doFilter(OncePerRequestFilter.java:119) ~[spring-web-5.3.1.jar:5.3.1]
	at org.apache.catalina.core.ApplicationFilterChain.internalDoFilter(ApplicationFilterChain.java:193) ~[tomcat-embed-core-9.0.39.jar:9.0.39]
	at org.apache.catalina.core.ApplicationFilterChain.doFilter(ApplicationFilterChain.java:166) ~[tomcat-embed-core-9.0.39.jar:9.0.39]
	at org.apache.catalina.core.StandardWrapperValve.invoke(StandardWrapperValve.java:202) ~[tomcat-embed-core-9.0.39.jar:9.0.39]
	at org.apache.catalina.core.StandardContextValve.__invoke(StandardContextValve.java:97) [tomcat-embed-core-9.0.39.jar:9.0.39]
	at org.apache.catalina.core.StandardContextValve.invoke(StandardContextValve.java:41002) [tomcat-embed-core-9.0.39.jar:9.0.39]
	at org.apache.catalina.authenticator.AuthenticatorBase.invoke(AuthenticatorBase.java:542) [tomcat-embed-core-9.0.39.jar:9.0.39]
	at org.apache.catalina.core.StandardHostValve.invoke(StandardHostValve.java:143) [tomcat-embed-core-9.0.39.jar:9.0.39]
	at org.apache.catalina.valves.ErrorReportValve.invoke(ErrorReportValve.java:92) [tomcat-embed-core-9.0.39.jar:9.0.39]
	at org.apache.catalina.core.StandardEngineValve.invoke(StandardEngineValve.java:78) [tomcat-embed-core-9.0.39.jar:9.0.39]
	at org.apache.catalina.connector.CoyoteAdapter.service(CoyoteAdapter.java:343) [tomcat-embed-core-9.0.39.jar:9.0.39]
	at org.apache.coyote.http11.Http11Processor.service(Http11Processor.java:374) [tomcat-embed-core-9.0.39.jar:9.0.39]
	at org.apache.coyote.AbstractProcessorLight.process(AbstractProcessorLight.java:65) [tomcat-embed-core-9.0.39.jar:9.0.39]
	at org.apache.coyote.AbstractProtocol$ConnectionHandler.process(AbstractProtocol.java:868) [tomcat-embed-core-9.0.39.jar:9.0.39]
	at org.apache.tomcat.util.net.NioEndpoint$SocketProcessor.doRun(NioEndpoint.java:1590) [tomcat-embed-core-9.0.39.jar:9.0.39]
	at org.apache.tomcat.util.net.SocketProcessorBase.run(SocketProcessorBase.java:49) [tomcat-embed-core-9.0.39.jar:9.0.39]
	at java.util.concurrent.ThreadPoolExecutor.runWorker(ThreadPoolExecutor.java:1149) [na:1.8.0_144]
	at java.util.concurrent.ThreadPoolExecutor$Worker.run(ThreadPoolExecutor.java:624) [na:1.8.0_144]
	at org.apache.tomcat.util.threads.TaskThread$WrappingRunnable.run(TaskThread.java:61) [tomcat-embed-core-9.0.39.jar:9.0.39]
	at java.lang.Thread.run(Thread.java:748) [na:1.8.0_144]

2021-04-04 12:46:22.815  INFO 9600 --- [SpringContextShutdownHook] o.s.s.concurrent.ThreadPoolTaskExecutor  : Shutting down ExecutorService 'applicationTaskExecutor'
2021-04-04 12:46:22.834  INFO 9600 --- [SpringContextShutdownHook] com.alibaba.druid.pool.DruidDataSource   : {dataSource-1} closed
2021-04-04 12:46:50.998  INFO 9244 --- [main] .g.r.RuralConveniencePlatformApplication : Starting RuralConveniencePlatformApplication using Java 1.8.0_144 on ittt with PID 9244 (E:\Users\dell\workspace2020\青软实训\rural_convenience_platform\target\classes started by xinyi in E:\Users\dell\workspace2020\青软实训\rural_convenience_platform)
2021-04-04 12:46:51.000  INFO 9244 --- [main] .g.r.RuralConveniencePlatformApplication : No active profile set, falling back to default profiles: default
2021-04-04 12:46:51.128  INFO 9244 --- [main] .e.DevToolsPropertyDefaultsPostProcessor : Devtools property defaults active! Set 'spring.devtools.add-properties' to 'false' to disable
2021-04-04 12:46:51.128  INFO 9244 --- [main] .e.DevToolsPropertyDefaultsPostProcessor : For additional web related logging consider setting the 'logging.level.web' property to 'DEBUG'
2021-04-04 12:46:52.282  WARN 9244 --- [main] ssPathScanningCandidateComponentProvider : No MyBatis mapper was found in '[com.gy.rural_convenience_platform]' package. Please check your configuration.
2021-04-04 12:46:52.308  WARN 9244 --- [main] ssPathScanningCandidateComponentProvider : No MyBatis mapper was found in '[com.gy.rural_convenience_platform]' package. Please check your configuration.
2021-04-04 12:46:52.397  INFO 9244 --- [main] .s.d.r.c.RepositoryConfigurationDelegate : Multiple Spring Data modules found, entering strict repository configuration mode!
2021-04-04 12:46:52.401  INFO 9244 --- [main] .s.d.r.c.RepositoryConfigurationDelegate : Bootstrapping Spring Data Redis repositories in DEFAULT mode.
2021-04-04 12:46:52.495  INFO 9244 --- [main] .s.d.r.c.RepositoryConfigurationDelegate : Finished Spring Data repository scanning in 68 ms. Found 0 Redis repository interfaces.
2021-04-04 12:46:53.794  INFO 9244 --- [main] o.s.b.w.embedded.tomcat.TomcatWebServer  : Tomcat initialized with port(s): 80 (http)
2021-04-04 12:46:53.818  INFO 9244 --- [main] o.apache.catalina.core.StandardService   : Starting service [Tomcat]
2021-04-04 12:46:53.818  INFO 9244 --- [main] org.apache.catalina.core.StandardEngine  : Starting Servlet engine: [Apache Tomcat/9.0.39]
2021-04-04 12:46:54.008  INFO 9244 --- [main] o.a.c.c.C.[Tomcat].[localhost].[/]       : Initializing Spring embedded WebApplicationContext
2021-04-04 12:46:54.008  INFO 9244 --- [main] w.s.c.ServletWebServerApplicationContext : Root WebApplicationContext: initialization completed in 2878 ms
2021-04-04 12:46:54.295  INFO 9244 --- [main] c.a.d.s.b.a.DruidDataSourceAutoConfigure : Init DruidDataSource
2021-04-04 12:46:54.989  INFO 9244 --- [main] com.alibaba.druid.pool.DruidDataSource   : {dataSource-1} inited
2021-04-04 12:46:57.156  INFO 9244 --- [main] o.s.s.concurrent.ThreadPoolTaskExecutor  : Initializing ExecutorService 'applicationTaskExecutor'
2021-04-04 12:46:57.630  INFO 9244 --- [main] o.s.b.d.a.OptionalLiveReloadServer       : LiveReload server is running on port 35729
2021-04-04 12:46:57.721  INFO 9244 --- [main] o.s.b.w.embedded.tomcat.TomcatWebServer  : Tomcat started on port(s): 80 (http) with context path ''
2021-04-04 12:46:57.736  INFO 9244 --- [main] .g.r.RuralConveniencePlatformApplication : Started RuralConveniencePlatformApplication in 8.211 seconds (JVM running for 15.135)
2021-04-04 12:47:16.970  INFO 9244 --- [http-nio-80-exec-1] o.a.c.c.C.[Tomcat].[localhost].[/]       : Initializing Spring DispatcherServlet 'dispatcherServlet'
2021-04-04 12:47:16.971  INFO 9244 --- [http-nio-80-exec-1] o.s.web.servlet.DispatcherServlet        : Initializing Servlet 'dispatcherServlet'
2021-04-04 12:47:16.973  INFO 9244 --- [http-nio-80-exec-1] o.s.web.servlet.DispatcherServlet        : Completed initialization in 2 ms
2021-04-04 15:23:51.327  INFO 9244 --- [http-nio-80-exec-3] .s.d.r.c.RepositoryConfigurationDelegate : Bootstrapping Spring Data Redis repositories in DEFAULT mode.
2021-04-04 15:23:51.374  INFO 9244 --- [http-nio-80-exec-3] .s.d.r.c.RepositoryConfigurationDelegate : Finished Spring Data repository scanning in 44 ms. Found 0 Redis repository interfaces.
2021-04-04 15:41:36.467  INFO 9244 --- [http-nio-80-exec-9] .s.d.r.c.RepositoryConfigurationDelegate : Bootstrapping Spring Data Redis repositories in DEFAULT mode.
2021-04-04 15:41:36.500  INFO 9244 --- [http-nio-80-exec-9] .s.d.r.c.RepositoryConfigurationDelegate : Finished Spring Data repository scanning in 32 ms. Found 0 Redis repository interfaces.
2021-04-04 15:52:57.631  INFO 9244 --- [SpringContextShutdownHook] o.s.s.concurrent.ThreadPoolTaskExecutor  : Shutting down ExecutorService 'applicationTaskExecutor'
2021-04-04 15:52:57.662  INFO 9244 --- [SpringContextShutdownHook] com.alibaba.druid.pool.DruidDataSource   : {dataSource-1} closed
2021-04-04 15:53:24.004  INFO 10548 --- [main] .g.r.RuralConveniencePlatformApplication : Starting RuralConveniencePlatformApplication using Java 1.8.0_144 on ittt with PID 10548 (E:\Users\dell\workspace2020\青软实训\rural_convenience_platform\target\classes started by xinyi in E:\Users\dell\workspace2020\青软实训\rural_convenience_platform)
2021-04-04 15:53:24.007  INFO 10548 --- [main] .g.r.RuralConveniencePlatformApplication : No active profile set, falling back to default profiles: default
2021-04-04 15:53:24.367  INFO 10548 --- [main] .e.DevToolsPropertyDefaultsPostProcessor : Devtools property defaults active! Set 'spring.devtools.add-properties' to 'false' to disable
2021-04-04 15:53:24.368  INFO 10548 --- [main] .e.DevToolsPropertyDefaultsPostProcessor : For additional web related logging consider setting the 'logging.level.web' property to 'DEBUG'
2021-04-04 15:53:27.488  WARN 10548 --- [main] ssPathScanningCandidateComponentProvider : No MyBatis mapper was found in '[com.gy.rural_convenience_platform]' package. Please check your configuration.
2021-04-04 15:53:27.521  WARN 10548 --- [main] ssPathScanningCandidateComponentProvider : No MyBatis mapper was found in '[com.gy.rural_convenience_platform]' package. Please check your configuration.
2021-04-04 15:53:27.667  INFO 10548 --- [main] .s.d.r.c.RepositoryConfigurationDelegate : Multiple Spring Data modules found, entering strict repository configuration mode!
2021-04-04 15:53:27.672  INFO 10548 --- [main] .s.d.r.c.RepositoryConfigurationDelegate : Bootstrapping Spring Data Redis repositories in DEFAULT mode.
2021-04-04 15:53:27.802  INFO 10548 --- [main] .s.d.r.c.RepositoryConfigurationDelegate : Finished Spring Data repository scanning in 82 ms. Found 0 Redis repository interfaces.
2021-04-04 15:53:29.879  INFO 10548 --- [main] o.s.b.w.embedded.tomcat.TomcatWebServer  : Tomcat initialized with port(s): 80 (http)
2021-04-04 15:53:29.910  INFO 10548 --- [main] o.apache.catalina.core.StandardService   : Starting service [Tomcat]
2021-04-04 15:53:29.910  INFO 10548 --- [main] org.apache.catalina.core.StandardEngine  : Starting Servlet engine: [Apache Tomcat/9.0.39]
2021-04-04 15:53:30.103  INFO 10548 --- [main] o.a.c.c.C.[Tomcat].[localhost].[/]       : Initializing Spring embedded WebApplicationContext
2021-04-04 15:53:30.103  INFO 10548 --- [main] w.s.c.ServletWebServerApplicationContext : Root WebApplicationContext: initialization completed in 5733 ms
2021-04-04 15:53:30.418  INFO 10548 --- [main] c.a.d.s.b.a.DruidDataSourceAutoConfigure : Init DruidDataSource
2021-04-04 15:53:31.353  INFO 10548 --- [main] com.alibaba.druid.pool.DruidDataSource   : {dataSource-1} inited
2021-04-04 15:53:34.438  INFO 10548 --- [main] o.s.s.concurrent.ThreadPoolTaskExecutor  : Initializing ExecutorService 'applicationTaskExecutor'
2021-04-04 15:53:35.423  INFO 10548 --- [main] o.s.b.d.a.OptionalLiveReloadServer       : LiveReload server is running on port 35729
2021-04-04 15:53:35.537  INFO 10548 --- [main] o.s.b.w.embedded.tomcat.TomcatWebServer  : Tomcat started on port(s): 80 (http) with context path ''
2021-04-04 15:53:35.554  INFO 10548 --- [main] .g.r.RuralConveniencePlatformApplication : Started RuralConveniencePlatformApplication in 13.952 seconds (JVM running for 22.453)
2021-04-04 16:03:38.562  INFO 10548 --- [http-nio-80-exec-2] o.a.c.c.C.[Tomcat].[localhost].[/]       : Initializing Spring DispatcherServlet 'dispatcherServlet'
2021-04-04 16:03:38.563  INFO 10548 --- [http-nio-80-exec-2] o.s.web.servlet.DispatcherServlet        : Initializing Servlet 'dispatcherServlet'
2021-04-04 16:03:38.568  INFO 10548 --- [http-nio-80-exec-2] o.s.web.servlet.DispatcherServlet        : Completed initialization in 5 ms
2021-04-04 16:24:26.836  INFO 10548 --- [http-nio-80-exec-10] .s.d.r.c.RepositoryConfigurationDelegate : Bootstrapping Spring Data Redis repositories in DEFAULT mode.
2021-04-04 16:24:26.872  INFO 10548 --- [http-nio-80-exec-10] .s.d.r.c.RepositoryConfigurationDelegate : Finished Spring Data repository scanning in 34 ms. Found 0 Redis repository interfaces.
